<?xml version="1.0" encoding="utf-8"?><testsuites><testsuite name="pytest" errors="0" failures="0" skipped="0" tests="3" time="1.624" timestamp="2024-05-04T05:23:23.269744" hostname="a8245b8a16c7"><testcase classname="tests.test_prediction" name="test_single_pred_none" time="0.035" /><testcase classname="tests.test_prediction" name="test_single_pred_str" time="0.032" /><testcase classname="tests.test_prediction" name="test_single_pred_output" time="0.039" /></testsuite></testsuites>